
============================================================
Bot started at 2026-02-06 22:59:33.482371
============================================================
2026-02-06 22:59:37,504 - __main__ - INFO - 🤖 Bot starting...
2026-02-06 22:59:37,505 - __main__ - INFO - 👑 Owner: 5651796937
2026-02-06 22:59:37,505 - __main__ - INFO - 🌍 Regions: IND, BR, US, NA, SAC, SG, RU, ID, TW, VN, TH, ME, PK, CIS, BD, EUROPE, EU
2026-02-06 22:59:39,650 - httpx - INFO - HTTP Request: POST https://api.telegram.org/bot8452514218:AAF1WuCbdEKhT30teKzVsIez8Ww02zDb6LI/getMe "HTTP/1.1 200 OK"
2026-02-06 22:59:39,655 - apscheduler.scheduler - INFO - Scheduler started
2026-02-06 22:59:39,660 - apscheduler.scheduler - INFO - Added job "daily_likes" to job store "default"
2026-02-06 22:59:39,661 - __main__ - INFO - ⏰ Scheduler configured for 05:00 IST daily
2026-02-06 22:59:39,661 - __main__ - INFO - 📅 Next run: 2026-02-07 05:00:00 IST
2026-02-06 22:59:39,661 - __main__ - INFO - ✅ Scheduler active with APScheduler
2026-02-06 22:59:39,959 - httpx - INFO - HTTP Request: POST https://api.telegram.org/bot8452514218:AAF1WuCbdEKhT30teKzVsIez8Ww02zDb6LI/deleteWebhook "HTTP/1.1 200 OK"
2026-02-06 22:59:39,963 - apscheduler.scheduler - INFO - Scheduler started
2026-02-06 22:59:39,963 - telegram.ext.Application - INFO - Application started
2026-02-06 22:59:41,652 - httpx - INFO - HTTP Request: POST https://api.telegram.org/bot8452514218:AAF1WuCbdEKhT30teKzVsIez8Ww02zDb6LI/getUpdates "HTTP/1.1 200 OK"
2026-02-06 22:59:42,420 - httpx - INFO - HTTP Request: POST https://api.telegram.org/bot8452514218:AAF1WuCbdEKhT30teKzVsIez8Ww02zDb6LI/sendMessage "HTTP/1.1 200 OK"
2026-02-06 22:59:51,967 - httpx - INFO - HTTP Request: POST https://api.telegram.org/bot8452514218:AAF1WuCbdEKhT30teKzVsIez8Ww02zDb6LI/getUpdates "HTTP/1.1 200 OK"
2026-02-06 23:00:02,260 - httpx - INFO - HTTP Request: POST https://api.telegram.org/bot8452514218:AAF1WuCbdEKhT30teKzVsIez8Ww02zDb6LI/getUpdates "HTTP/1.1 200 OK"
2026-02-06 23:00:12,554 - httpx - INFO - HTTP Request: POST https://api.telegram.org/bot8452514218:AAF1WuCbdEKhT30teKzVsIez8Ww02zDb6LI/getUpdates "HTTP/1.1 200 OK"
2026-02-06 23:00:13,494 - httpx - INFO - HTTP Request: POST https://api.telegram.org/bot8452514218:AAF1WuCbdEKhT30teKzVsIez8Ww02zDb6LI/getUpdates "HTTP/1.1 200 OK"
2026-02-06 23:00:14,473 - httpx - INFO - HTTP Request: POST https://api.telegram.org/bot8452514218:AAF1WuCbdEKhT30teKzVsIez8Ww02zDb6LI/sendMessage "HTTP/1.1 200 OK"
2026-02-06 23:00:14,476 - __main__ - INFO - Start command executed by 5651796937
2026-02-06 23:00:24,559 - httpx - INFO - HTTP Request: POST https://api.telegram.org/bot8452514218:AAF1WuCbdEKhT30teKzVsIez8Ww02zDb6LI/getUpdates "HTTP/1.1 200 OK"
2026-02-06 23:00:34,838 - httpx - INFO - HTTP Request: POST https://api.telegram.org/bot8452514218:AAF1WuCbdEKhT30teKzVsIez8Ww02zDb6LI/getUpdates "HTTP/1.1 200 OK"
2026-02-06 23:00:37,332 - httpx - INFO - HTTP Request: POST https://api.telegram.org/bot8452514218:AAF1WuCbdEKhT30teKzVsIez8Ww02zDb6LI/getUpdates "HTTP/1.1 200 OK"
2026-02-06 23:00:39,719 - httpx - INFO - HTTP Request: POST https://api.telegram.org/bot8452514218:AAF1WuCbdEKhT30teKzVsIez8Ww02zDb6LI/sendMessage "HTTP/1.1 200 OK"
2026-02-06 23:00:39,853 - httpx - INFO - HTTP Request: POST https://api.telegram.org/bot8452514218:AAF1WuCbdEKhT30teKzVsIez8Ww02zDb6LI/getUpdates "HTTP/1.1 200 OK"
2026-02-06 23:00:41,177 - httpx - INFO - HTTP Request: POST https://api.telegram.org/bot8452514218:AAF1WuCbdEKhT30teKzVsIez8Ww02zDb6LI/sendMessage "HTTP/1.1 200 OK"
2026-02-06 23:00:41,180 - __main__ - INFO - Start command executed by 5651796937
2026-02-06 23:00:50,184 - httpx - INFO - HTTP Request: POST https://api.telegram.org/bot8452514218:AAF1WuCbdEKhT30teKzVsIez8Ww02zDb6LI/getUpdates "HTTP/1.1 200 OK"
2026-02-06 23:01:00,590 - httpx - INFO - HTTP Request: POST https://api.telegram.org/bot8452514218:AAF1WuCbdEKhT30teKzVsIez8Ww02zDb6LI/getUpdates "HTTP/1.1 200 OK"
2026-02-06 23:01:10,939 - httpx - INFO - HTTP Request: POST https://api.telegram.org/bot8452514218:AAF1WuCbdEKhT30teKzVsIez8Ww02zDb6LI/getUpdates "HTTP/1.1 200 OK"
2026-02-06 23:01:17,196 - httpx - INFO - HTTP Request: POST https://api.telegram.org/bot8452514218:AAF1WuCbdEKhT30teKzVsIez8Ww02zDb6LI/getUpdates "HTTP/1.1 200 OK"
2026-02-06 23:01:17,966 - httpx - INFO - HTTP Request: POST https://api.telegram.org/bot8452514218:AAF1WuCbdEKhT30teKzVsIez8Ww02zDb6LI/getUpdates "HTTP/1.1 200 OK"
2026-02-06 23:01:28,244 - httpx - INFO - HTTP Request: POST https://api.telegram.org/bot8452514218:AAF1WuCbdEKhT30teKzVsIez8Ww02zDb6LI/getUpdates "HTTP/1.1 200 OK"
2026-02-06 23:01:38,485 - httpx - INFO - HTTP Request: POST https://api.telegram.org/bot8452514218:AAF1WuCbdEKhT30teKzVsIez8Ww02zDb6LI/getUpdates "HTTP/1.1 200 OK"
2026-02-06 23:01:49,222 - httpx - INFO - HTTP Request: POST https://api.telegram.org/bot8452514218:AAF1WuCbdEKhT30teKzVsIez8Ww02zDb6LI/getUpdates "HTTP/1.1 200 OK"
2026-02-06 23:01:59,533 - httpx - INFO - HTTP Request: POST https://api.telegram.org/bot8452514218:AAF1WuCbdEKhT30teKzVsIez8Ww02zDb6LI/getUpdates "HTTP/1.1 200 OK"
2026-02-06 23:02:00,599 - httpx - INFO - HTTP Request: POST https://api.telegram.org/bot8452514218:AAF1WuCbdEKhT30teKzVsIez8Ww02zDb6LI/getUpdates "HTTP/1.1 200 OK"
2026-02-06 23:02:02,406 - httpx - INFO - HTTP Request: POST https://api.telegram.org/bot8452514218:AAF1WuCbdEKhT30teKzVsIez8Ww02zDb6LI/getUpdates "HTTP/1.1 200 OK"
2026-02-06 23:02:12,724 - httpx - INFO - HTTP Request: POST https://api.telegram.org/bot8452514218:AAF1WuCbdEKhT30teKzVsIez8Ww02zDb6LI/getUpdates "HTTP/1.1 200 OK"
2026-02-06 23:02:23,061 - httpx - INFO - HTTP Request: POST https://api.telegram.org/bot8452514218:AAF1WuCbdEKhT30teKzVsIez8Ww02zDb6LI/getUpdates "HTTP/1.1 200 OK"
2026-02-06 23:02:33,393 - httpx - INFO - HTTP Request: POST https://api.telegram.org/bot8452514218:AAF1WuCbdEKhT30teKzVsIez8Ww02zDb6LI/getUpdates "HTTP/1.1 200 OK"
2026-02-06 23:02:44,163 - httpx - INFO - HTTP Request: POST https://api.telegram.org/bot8452514218:AAF1WuCbdEKhT30teKzVsIez8Ww02zDb6LI/getUpdates "HTTP/1.1 200 OK"
2026-02-06 23:02:55,118 - httpx - INFO - HTTP Request: POST https://api.telegram.org/bot8452514218:AAF1WuCbdEKhT30teKzVsIez8Ww02zDb6LI/getUpdates "HTTP/1.1 200 OK"
2026-02-06 23:03:05,378 - httpx - INFO - HTTP Request: POST https://api.telegram.org/bot8452514218:AAF1WuCbdEKhT30teKzVsIez8Ww02zDb6LI/getUpdates "HTTP/1.1 200 OK"
2026-02-06 23:03:15,648 - httpx - INFO - HTTP Request: POST https://api.telegram.org/bot8452514218:AAF1WuCbdEKhT30teKzVsIez8Ww02zDb6LI/getUpdates "HTTP/1.1 200 OK"
2026-02-06 23:03:25,901 - httpx - INFO - HTTP Request: POST https://api.telegram.org/bot8452514218:AAF1WuCbdEKhT30teKzVsIez8Ww02zDb6LI/getUpdates "HTTP/1.1 200 OK"
2026-02-06 23:03:36,176 - httpx - INFO - HTTP Request: POST https://api.telegram.org/bot8452514218:AAF1WuCbdEKhT30teKzVsIez8Ww02zDb6LI/getUpdates "HTTP/1.1 200 OK"
2026-02-06 23:03:47,165 - httpx - INFO - HTTP Request: POST https://api.telegram.org/bot8452514218:AAF1WuCbdEKhT30teKzVsIez8Ww02zDb6LI/getUpdates "HTTP/1.1 200 OK"
2026-02-06 23:03:57,486 - httpx - INFO - HTTP Request: POST https://api.telegram.org/bot8452514218:AAF1WuCbdEKhT30teKzVsIez8Ww02zDb6LI/getUpdates "HTTP/1.1 200 OK"
2026-02-06 23:04:07,760 - httpx - INFO - HTTP Request: POST https://api.telegram.org/bot8452514218:AAF1WuCbdEKhT30teKzVsIez8Ww02zDb6LI/getUpdates "HTTP/1.1 200 OK"
2026-02-06 23:04:18,023 - httpx - INFO - HTTP Request: POST https://api.telegram.org/bot8452514218:AAF1WuCbdEKhT30teKzVsIez8Ww02zDb6LI/getUpdates "HTTP/1.1 200 OK"
2026-02-06 23:04:28,291 - httpx - INFO - HTTP Request: POST https://api.telegram.org/bot8452514218:AAF1WuCbdEKhT30teKzVsIez8Ww02zDb6LI/getUpdates "HTTP/1.1 200 OK"
2026-02-06 23:04:38,909 - httpx - INFO - HTTP Request: POST https://api.telegram.org/bot8452514218:AAF1WuCbdEKhT30teKzVsIez8Ww02zDb6LI/getUpdates "HTTP/1.1 200 OK"
2026-02-06 23:04:49,179 - httpx - INFO - HTTP Request: POST https://api.telegram.org/bot8452514218:AAF1WuCbdEKhT30teKzVsIez8Ww02zDb6LI/getUpdates "HTTP/1.1 200 OK"
